<?xml version="1.0" encoding="UTF-8"?>
<!-- Generated by org.testng.reporters.JUnitReportReporter -->
<testsuite hostname="LAPTOP-4RAGM6OB" failures="0" tests="1" name="newLogin.Login" time="14.551" errors="0" timestamp="2024-01-18T01:00:21 CST" skipped="0">
  <testcase classname="newLogin.Login" name="loginMethod" time="14.551"/>
  <system-out/>
</testsuite> <!-- newLogin.Login -->
